<?xml version="1.0" encoding="UTF-8"?>
<robot generator="Robot 5.0 (Python 3.10.3 on win32)" generated="20220506 15:04:31.469" rpa="false" schemaversion="3">
<suite id="s1" name="Demo7 Swite" source="C:\Users\kavit\PycharmProjects\robot_project\selenium_swite\demo7_swite.robot">
<test id="s1-t1" name="TC7" line="6">
<kw name="Append To Environment Variable" library="OperatingSystem">
<arg>path</arg>
<arg>C:\\Users\\kavit\\Downloads\\driver\\chromedriver_win32</arg>
<doc>Appends given ``values`` to environment variable ``name``.</doc>
<msg timestamp="20220506 15:04:31.788" level="INFO">Environment variable 'path' set to value 'C:\Program Files\Common Files\Oracle\Java\javapath;C:\windows\system32;C:\windows;C:\windows\System32\Wbem;C:\windows\System32\WindowsPowerShell\v1.0\;C:\windows\System32\OpenSSH\;C:\Program Files (x86)\NVIDIA Corporation\PhysX\Common;C:\Program Files\NVIDIA Corporation\NVIDIA NvDLISR;C:\MinGW\mingw32\bin;C:\MinGW\mingw32\bin;C:\Users\kavit\AppData\Local\Programs\Microsoft VS Code\MinGW\mingw32\bin;C:\Users\kavit\AppData\Local\Programs\Microsoft VS Code\MinGW\bin;C:\Program Files\Git\cmd;C;C:\Program Files\MySQL\MySQL Server 8.0\bin;C:\Users\kavit\AppData\Local\Programs\Python\Python310;C:\Users\kavit\AppData\Local\Programs\Python\Python310\Scripts;C:\Users\kavit\AppData\Local\Programs\Python\Python310;C:\Users\kavit\AppData\Local\Programs\Python\Python310\Scripts;C:\Users\kavit\AppData\Local\Programs\Python\Python310\Scripts\;C:\Users\kavit\AppData\Local\Programs\Python\Python310\;C:\Program Files\MySQL\MySQL Shell 8.0\bin\;C:\Users\kavit\AppData\Local\Microsoft\WindowsApps;C:\Users\kavit\AppData\Local\Programs\Microsoft VS Code\bin;C:\MinGW\bin;C:\Program Files\Cppcheck;;C:\Program Files\JetBrains\PyCharm Community Edition 2022.1\bin;;C:\Users\kavit\Downloads\driver\chromedriver_win32'.</msg>
<status status="PASS" starttime="20220506 15:04:31.787" endtime="20220506 15:04:31.788"/>
</kw>
<kw name="Open Browser" library="SeleniumLibrary">
<arg>browser=chrome</arg>
<doc>Opens a new browser instance to the optional ``url``.</doc>
<msg timestamp="20220506 15:04:31.788" level="INFO">Opening browser 'chrome' to base url 'None'.</msg>
<status status="PASS" starttime="20220506 15:04:31.788" endtime="20220506 15:04:33.162"/>
</kw>
<kw name="Maximize Browser Window" library="SeleniumLibrary">
<doc>Maximizes current browser window.</doc>
<status status="PASS" starttime="20220506 15:04:33.162" endtime="20220506 15:04:33.301"/>
</kw>
<kw name="Set Selenium Implicit Wait" library="SeleniumLibrary">
<arg>30s</arg>
<doc>Sets the implicit wait value used by Selenium.</doc>
<status status="PASS" starttime="20220506 15:04:33.301" endtime="20220506 15:04:33.303"/>
</kw>
<kw name="Go To" library="SeleniumLibrary">
<arg>url=https://netbanking.hdfcbank.com/netbanking/</arg>
<doc>Navigates the current browser window to the provided ``url``.</doc>
<msg timestamp="20220506 15:04:33.304" level="INFO">Opening url 'https://netbanking.hdfcbank.com/netbanking/'</msg>
<status status="PASS" starttime="20220506 15:04:33.303" endtime="20220506 15:04:48.628"/>
</kw>
<kw name="Select Frame" library="SeleniumLibrary">
<arg>xpath=//frame[@name='login_page']</arg>
<doc>Sets frame identified by ``locator`` as the current frame.</doc>
<msg timestamp="20220506 15:04:48.631" level="INFO">Selecting frame 'xpath=//frame[@name='login_page']'.</msg>
<status status="PASS" starttime="20220506 15:04:48.629" endtime="20220506 15:04:48.679"/>
</kw>
<kw name="Input Text" library="SeleniumLibrary">
<arg>name=fldLoginUserId</arg>
<arg>test123</arg>
<doc>Types the given ``text`` into the text field identified by ``locator``.</doc>
<msg timestamp="20220506 15:04:48.680" level="INFO">Typing text 'test123' into text field 'name=fldLoginUserId'.</msg>
<status status="PASS" starttime="20220506 15:04:48.680" endtime="20220506 15:04:48.765"/>
</kw>
<kw name="Click Element" library="SeleniumLibrary">
<arg>link=CONTINUE</arg>
<doc>Click the element identified by ``locator``.</doc>
<msg timestamp="20220506 15:04:48.766" level="INFO">Clicking element 'link=CONTINUE'.</msg>
<status status="PASS" starttime="20220506 15:04:48.766" endtime="20220506 15:04:51.086"/>
</kw>
<kw name="Unselect Frame" library="SeleniumLibrary">
<doc>Sets the main frame as the current frame.</doc>
<status status="PASS" starttime="20220506 15:04:51.086" endtime="20220506 15:04:51.090"/>
</kw>
<status status="PASS" starttime="20220506 15:04:31.786" endtime="20220506 15:04:51.090"/>
</test>
<status status="PASS" starttime="20220506 15:04:31.471" endtime="20220506 15:04:51.092"/>
</suite>
<statistics>
<total>
<stat pass="1" fail="0" skip="0">All Tests</stat>
</total>
<tag>
</tag>
<suite>
<stat pass="1" fail="0" skip="0" id="s1" name="Demo7 Swite">Demo7 Swite</stat>
</suite>
</statistics>
<errors>
</errors>
</robot>
