<?xml version="1.0" encoding="UTF-8"?>
<robot generator="Robot 5.0 (Python 3.10.3 on win32)" generated="20220507 14:56:48.613" rpa="false" schemaversion="3">
<suite id="s1" name="Demo3 Swite" source="C:\Users\kavit\PycharmProjects\robot_project\robot_swite\demo3_swite.robot">
<test id="s1-t1" name="TC3" line="34">
<kw name="Create List" library="BuiltIn">
<var>@{fruits}</var>
<arg>apple</arg>
<arg>berry</arg>
<arg>grapes</arg>
<arg>cherry</arg>
<doc>Returns a list containing given items.</doc>
<msg timestamp="20220507 14:56:48.783" level="INFO">@{fruits} = [ apple | berry | grapes | cherry ]</msg>
<status status="PASS" starttime="20220507 14:56:48.783" endtime="20220507 14:56:48.783"/>
</kw>
<for flavor="IN">
<var>${kavi}</var>
<value>@{fruits}</value>
<iter>
<var name="${kavi}">apple</var>
<kw name="Log" library="BuiltIn">
<arg>${kavi}</arg>
<doc>Logs the given message with the given level.</doc>
<msg timestamp="20220507 14:56:48.784" level="INFO">apple</msg>
<status status="PASS" starttime="20220507 14:56:48.783" endtime="20220507 14:56:48.784"/>
</kw>
<status status="PASS" starttime="20220507 14:56:48.783" endtime="20220507 14:56:48.784"/>
</iter>
<iter>
<var name="${kavi}">berry</var>
<kw name="Log" library="BuiltIn">
<arg>${kavi}</arg>
<doc>Logs the given message with the given level.</doc>
<msg timestamp="20220507 14:56:48.784" level="INFO">berry</msg>
<status status="PASS" starttime="20220507 14:56:48.784" endtime="20220507 14:56:48.784"/>
</kw>
<status status="PASS" starttime="20220507 14:56:48.784" endtime="20220507 14:56:48.784"/>
</iter>
<iter>
<var name="${kavi}">grapes</var>
<kw name="Log" library="BuiltIn">
<arg>${kavi}</arg>
<doc>Logs the given message with the given level.</doc>
<msg timestamp="20220507 14:56:48.784" level="INFO">grapes</msg>
<status status="PASS" starttime="20220507 14:56:48.784" endtime="20220507 14:56:48.784"/>
</kw>
<status status="PASS" starttime="20220507 14:56:48.784" endtime="20220507 14:56:48.784"/>
</iter>
<iter>
<var name="${kavi}">cherry</var>
<kw name="Log" library="BuiltIn">
<arg>${kavi}</arg>
<doc>Logs the given message with the given level.</doc>
<msg timestamp="20220507 14:56:48.784" level="INFO">cherry</msg>
<status status="PASS" starttime="20220507 14:56:48.784" endtime="20220507 14:56:48.784"/>
</kw>
<status status="PASS" starttime="20220507 14:56:48.784" endtime="20220507 14:56:48.784"/>
</iter>
<status status="PASS" starttime="20220507 14:56:48.783" endtime="20220507 14:56:48.784"/>
</for>
<status status="PASS" starttime="20220507 14:56:48.782" endtime="20220507 14:56:48.785"/>
</test>
<status status="PASS" starttime="20220507 14:56:48.614" endtime="20220507 14:56:48.785"/>
</suite>
<statistics>
<total>
<stat pass="1" fail="0" skip="0">All Tests</stat>
</total>
<tag>
</tag>
<suite>
<stat pass="1" fail="0" skip="0" id="s1" name="Demo3 Swite">Demo3 Swite</stat>
</suite>
</statistics>
<errors>
</errors>
</robot>
